{"name":"User Logger","hostname":"DESKTOP-S3KGEEM","pid":22332,"level":30,"url":"/api/user/signup","requestBody":{},"msg":"","time":"2020-02-10T10:36:16.590Z","v":0}
{"name":"User Logger","hostname":"DESKTOP-S3KGEEM","pid":21760,"level":30,"url":"/api/user/signup","requestBody":{},"msg":"","time":"2020-02-10T10:36:52.963Z","v":0}
{"name":"User Logger","hostname":"DESKTOP-S3KGEEM","pid":23816,"level":30,"url":"/api/user/signup","requestBody":{},"msg":"","time":"2020-02-10T10:39:19.316Z","v":0}
{"name":"User Logger","hostname":"DESKTOP-S3KGEEM","pid":23816,"level":30,"url":"/api/user/signup","requestBody":{"email":"silencio_aj@yahoo.com"},"msg":"","time":"2020-02-10T10:40:02.851Z","v":0}
{"name":"User Logger","hostname":"DESKTOP-S3KGEEM","pid":23816,"level":30,"url":"/api/user/signup","requestBody":{"email":"silencio_aj@yahoo.com"},"msg":"","time":"2020-02-10T10:40:16.418Z","v":0}
{"name":"User Logger","hostname":"DESKTOP-S3KGEEM","pid":17496,"level":30,"url":"/api/user/signup","requestBody":{"email":"silencio_aj@yahoo.com"},"msg":"","time":"2020-02-10T10:43:54.455Z","v":0}
{"name":"User Logger","hostname":"DESKTOP-S3KGEEM","pid":10748,"level":30,"url":"/api/user/signup","requestBody":{"email":"silencio_aj@yahoo.com"},"msg":"","time":"2020-02-10T10:44:08.457Z","v":0}
{"name":"User Logger","hostname":"DESKTOP-S3KGEEM","pid":11008,"level":30,"url":"/api/user/signup","requestBody":{"email":"silencio_aj@yahoo.com"},"msg":"","time":"2020-02-10T10:48:37.984Z","v":0}
{"name":"User Logger","hostname":"DESKTOP-S3KGEEM","pid":17016,"level":30,"url":"/api/user/signup","requestBody":{"email":"silencio_aj@yahoo.com"},"msg":"","time":"2020-02-10T10:49:25.785Z","v":0}
{"name":"User Logger","hostname":"DESKTOP-S3KGEEM","pid":12308,"level":30,"url":"/api/user/signup","requestBody":{"email":"silencio_aj@yahoo.com"},"msg":"","time":"2020-02-10T10:49:50.677Z","v":0}
{"name":"User Logger","hostname":"DESKTOP-S3KGEEM","pid":15648,"level":30,"url":"/api/user/signup","requestBody":{"email":"silencio_aj@yahoo.com"},"msg":"","time":"2020-02-10T10:51:30.782Z","v":0}
{"name":"User Logger","hostname":"DESKTOP-S3KGEEM","pid":13560,"level":30,"url":"/api/user/signup","requestBody":{"email":"silencio_aj@yahoo.com"},"msg":"","time":"2020-02-10T10:54:04.273Z","v":0}
{"name":"User Logger","hostname":"DESKTOP-S3KGEEM","pid":16348,"level":30,"url":"/api/user/signup","requestBody":{"email":"silencio_aj@yahoo.com"},"msg":"","time":"2020-02-10T10:54:28.955Z","v":0}
{"name":"User Logger","hostname":"DESKTOP-S3KGEEM","pid":6848,"level":30,"url":"/api/user/signup","requestBody":{"email":"silencio_aj@yahoo.com"},"msg":"","time":"2020-02-10T10:55:49.909Z","v":0}
{"name":"User Logger","hostname":"DESKTOP-S3KGEEM","pid":14808,"level":30,"url":"/api/user/signup","requestBody":{"email":"silencio_aj@yahoo.com"},"msg":"","time":"2020-02-10T11:01:07.898Z","v":0}
{"name":"User Logger","hostname":"DESKTOP-S3KGEEM","pid":1100,"level":30,"url":"/api/user/signup","requestBody":{"email":"silencio_aj@yahoo.com"},"msg":"","time":"2020-02-10T11:01:50.692Z","v":0}
{"name":"User Logger","hostname":"DESKTOP-S3KGEEM","pid":18108,"level":30,"url":"/api/user/signup","requestBody":{"email":"silencio_aj@yahoo.com"},"msg":"","time":"2020-02-10T11:02:26.253Z","v":0}
{"name":"User Logger","hostname":"DESKTOP-S3KGEEM","pid":25116,"level":30,"url":"/api/user/signup","requestBody":{"email":"silencio_aj@yahoo.com"},"msg":"","time":"2020-02-10T11:04:50.491Z","v":0}
{"name":"User Logger","hostname":"DESKTOP-S3KGEEM","pid":8644,"level":30,"url":"/api/user/signup","requestBody":{"email":"silencio_aj@yahoo.com"},"msg":"","time":"2020-02-10T11:06:09.110Z","v":0}
{"name":"User Logger","hostname":"DESKTOP-S3KGEEM","pid":23944,"level":30,"url":"/api/user/signup","requestBody":{"email":"silencio_aj@yahoo.com"},"msg":"","time":"2020-02-10T11:07:09.360Z","v":0}
{"name":"User Logger","hostname":"DESKTOP-S3KGEEM","pid":23944,"level":30,"url":"/api/user/signup","requestBody":{"email":"silencio_aj@yahoo.com","password":"test"},"msg":"","time":"2020-02-10T11:07:37.998Z","v":0}
{"name":"User Logger","hostname":"DESKTOP-S3KGEEM","pid":23944,"level":30,"url":"/api/user/signup","requestBody":{"email":"silencio_aj@yahoo.com","password":"test1"},"msg":"","time":"2020-02-10T11:08:05.913Z","v":0}
{"name":"User Logger","hostname":"DESKTOP-S3KGEEM","pid":8068,"level":30,"url":"/api/user/signup","requestBody":{"email":"silencio_aj@yahoo.com","password":"test1","confirmPassword":"test1"},"msg":"","time":"2020-02-10T11:08:40.271Z","v":0}
{"name":"User Logger","hostname":"DESKTOP-S3KGEEM","pid":19452,"level":30,"url":"/api/user/signup","requestBody":{"email":"silencio_aj@yahoo.com","password":"test1","confirmPassword":"test1"},"msg":"","time":"2020-02-10T11:12:18.034Z","v":0}
{"name":"User Logger","hostname":"DESKTOP-S3KGEEM","pid":6372,"level":30,"url":"/api/user/signup","requestBody":{"email":"silencio_aj@yahoo.com","password":"test1","confirmPassword":"test1"},"msg":"","time":"2020-02-10T11:14:42.704Z","v":0}
{"name":"User Logger","hostname":"DESKTOP-S3KGEEM","pid":11568,"level":30,"url":"/api/user/signup","requestBody":{"email":"silencio_aj@yahoo.com","password":"test1","confirmPassword":"test1"},"msg":"","time":"2020-02-10T11:16:03.059Z","v":0}
{"name":"User Logger","hostname":"DESKTOP-S3KGEEM","pid":22172,"level":30,"url":"/api/user/signup","requestBody":{"email":"silencio_aj@yahoo.com","password":"test1","confirmPassword":"test1"},"msg":"","time":"2020-02-10T11:17:08.829Z","v":0}
{"name":"User Logger","hostname":"DESKTOP-S3KGEEM","pid":17600,"level":30,"url":"/api/user/signup","requestBody":{"email":"silencio_aj@yahoo.com","password":"test1","confirmPassword":"test1"},"msg":"","time":"2020-02-10T11:17:52.033Z","v":0}
{"name":"User Logger","hostname":"DESKTOP-S3KGEEM","pid":17928,"level":30,"url":"/api/user/signup","requestBody":{"email":"silencio_aj@yahoo.com","password":"test1","confirmPassword":"test1"},"msg":"","time":"2020-02-10T11:18:51.191Z","v":0}
{"name":"User Logger","hostname":"DESKTOP-S3KGEEM","pid":23692,"level":30,"url":"/api/user/signup","requestBody":{"email":"silencio_aj@yahoo.com","password":"test1","confirmPassword":"test1"},"msg":"","time":"2020-02-10T11:24:01.364Z","v":0}
{"name":"User Logger","hostname":"DESKTOP-S3KGEEM","pid":24788,"level":30,"url":"/api/user/signup","requestBody":{"phoneNumber":"09379387278","password":"test1","confirmPassword":"test1"},"msg":"","time":"2020-02-10T11:26:51.474Z","v":0}
{"name":"User Logger","hostname":"DESKTOP-S3KGEEM","pid":24788,"level":30,"url":"/api/user/signup","requestBody":{"phoneNumber":"09379387278","password":"test1","confirmPassword":"test1"},"msg":"","time":"2020-02-10T11:26:55.134Z","v":0}
{"name":"User Logger","hostname":"DESKTOP-S3KGEEM","pid":20232,"level":30,"url":"/api/user/signup","requestBody":{"phoneNumber":"09379387278","password":"test1","confirmPassword":"test1"},"msg":"","time":"2020-02-10T11:28:16.633Z","v":0}
{"name":"User Logger","hostname":"DESKTOP-S3KGEEM","pid":7560,"level":30,"url":"/api/user/signup","requestBody":{"phoneNumber":"09379387278","password":"test1","confirmPassword":"test1"},"msg":"","time":"2020-02-10T11:30:35.799Z","v":0}
{"name":"User Logger","hostname":"DESKTOP-S3KGEEM","pid":688,"level":30,"url":"/api/user/signup","requestBody":{"phoneNumber":"09379387278","password":"test1","confirmPassword":"test1"},"msg":"","time":"2020-02-10T11:32:09.762Z","v":0}
{"name":"User Logger","hostname":"DESKTOP-S3KGEEM","pid":18900,"level":30,"url":"/api/user/signup","requestBody":{"phoneNumber":"09379387278","password":"test1","confirmPassword":"test1"},"msg":"","time":"2020-02-10T11:37:52.464Z","v":0}
{"name":"User Logger","hostname":"DESKTOP-S3KGEEM","pid":18900,"level":30,"url":"/api/user/signup","requestBody":{"phoneNumber":"09379387278","password":"test1","confirmPassword":"test1"},"msg":"","time":"2020-02-10T11:38:01.172Z","v":0}
{"name":"User Logger","hostname":"DESKTOP-S3KGEEM","pid":8568,"level":30,"url":"/api/user/signup","requestBody":{"phoneNumber":"09379387278","password":"test1","confirmPassword":"test1"},"msg":"","time":"2020-02-10T11:39:24.454Z","v":0}
{"name":"User Logger","hostname":"DESKTOP-S3KGEEM","pid":15980,"level":30,"url":"/api/user/signup","requestBody":{"phoneNumber":"09379387278","password":"test1","confirmPassword":"test1"},"msg":"","time":"2020-02-10T11:43:27.692Z","v":0}
{"name":"User Logger","hostname":"DESKTOP-S3KGEEM","pid":16212,"level":30,"url":"/api/user/signup","requestBody":{"email":"silencio_aj@yahoo.com","password":"test1","confirmPassword":"test1"},"msg":"","time":"2020-02-10T12:35:40.881Z","v":0}
{"name":"User Logger","hostname":"DESKTOP-S3KGEEM","pid":14292,"level":30,"url":"/api/user/signup","requestBody":{"email":"silencio_aj@yahoo.com","password":"test1","confirmPassword":"test1"},"msg":"","time":"2020-02-10T12:37:12.516Z","v":0}
{"name":"User Logger","hostname":"DESKTOP-S3KGEEM","pid":22480,"level":30,"url":"/api/user/signup","requestBody":{"email":"silencio_aj@yahoo.com","password":"test1","confirmPassword":"test1"},"msg":"","time":"2020-02-10T12:38:18.605Z","v":0}
{"name":"User Logger","hostname":"DESKTOP-S3KGEEM","pid":22488,"level":30,"url":"/api/user/signup","requestBody":{"email":"silencio_aj@yahoo.com","password":"test1","confirmPassword":"test1"},"msg":"","time":"2020-02-10T12:39:43.960Z","v":0}
{"name":"User Logger","hostname":"DESKTOP-S3KGEEM","pid":21716,"level":30,"url":"/api/user/signup","requestBody":{"email":"silencio_aj@yahoo.com","password":"test1","confirmPassword":"test1"},"msg":"","time":"2020-02-10T12:51:33.025Z","v":0}
{"name":"User Logger","hostname":"DESKTOP-S3KGEEM","pid":6076,"level":30,"url":"/api/user/signup","requestBody":{"email":"silencio_aj@yahoo.com","password":"test1","confirmPassword":"test1"},"msg":"","time":"2020-02-10T12:53:49.531Z","v":0}
{"name":"User Logger","hostname":"DESKTOP-S3KGEEM","pid":2140,"level":30,"url":"/api/user/signup","requestBody":{"email":"silencio_aj@yahoo.com","password":"test1","confirmPassword":"test1"},"msg":"","time":"2020-02-10T12:58:00.524Z","v":0}
{"name":"User Logger","hostname":"DESKTOP-S3KGEEM","pid":2140,"level":30,"url":"/api/user/confirmsignup","requestBody":{"confirmationCode":"8SMdQ"},"msg":"","time":"2020-02-10T12:58:53.866Z","v":0}
{"name":"User Logger","hostname":"DESKTOP-S3KGEEM","pid":22420,"level":30,"url":"/api/user/confirmsignup","requestBody":{"confirmationCode":"8SMdQ"},"msg":"","time":"2020-02-10T12:59:11.946Z","v":0}
{"name":"User Logger","hostname":"DESKTOP-S3KGEEM","pid":14992,"level":30,"url":"/api/user/confirmsignup","requestBody":{"confirmationCode":"8SMdQ"},"msg":"","time":"2020-02-10T13:03:17.222Z","v":0}
{"name":"User Logger","hostname":"DESKTOP-S3KGEEM","pid":10196,"level":30,"url":"/api/user/logout","requestBody":{},"msg":"","time":"2020-02-10T13:24:55.772Z","v":0}
{"name":"User Logger","hostname":"DESKTOP-S3KGEEM","pid":10196,"level":30,"url":"/api/user/getuser","requestBody":{},"msg":"","time":"2020-02-10T13:25:09.446Z","v":0}
{"name":"User Logger","hostname":"DESKTOP-S3KGEEM","pid":8972,"level":30,"url":"/api/user/logout","requestBody":{},"msg":"","time":"2020-02-10T13:53:43.789Z","v":0}
{"name":"User Logger","hostname":"DESKTOP-S3KGEEM","pid":8972,"level":30,"url":"/api/user/login","requestBody":{"email":"silencio_aj@yahoo.com","password":"test1"},"msg":"","time":"2020-02-10T13:54:27.246Z","v":0}
{"name":"User Logger","hostname":"DESKTOP-S3KGEEM","pid":16832,"level":30,"url":"/api/user/login","requestBody":{"email":"silencio_aj@yahoo.com","password":"test1"},"msg":"","time":"2020-02-10T13:54:52.208Z","v":0}
{"name":"User Logger","hostname":"DESKTOP-S3KGEEM","pid":16832,"level":30,"url":"/api/user/getuser","requestBody":{},"msg":"","time":"2020-02-10T13:55:06.374Z","v":0}
{"name":"User Logger","hostname":"DESKTOP-S3KGEEM","pid":12852,"level":30,"url":"/api/user/signup","requestBody":{"email":"","phoneNumber":"09379387278","password":"test1","confirmPassword":"test1"},"msg":"","time":"2020-02-10T15:13:53.398Z","v":0}
{"name":"User Logger","hostname":"DESKTOP-S3KGEEM","pid":12852,"level":30,"url":"/api/user/signup","requestBody":{"phoneNumber":"09379387278","password":"test1","confirmPassword":"test1"},"msg":"","time":"2020-02-10T15:13:59.559Z","v":0}
{"name":"User Logger","hostname":"DESKTOP-S3KGEEM","pid":12852,"level":30,"url":"/api/user/confirmsignup","requestBody":{"confirmationCode":"0Fnl0"},"msg":"","time":"2020-02-10T15:14:37.183Z","v":0}
{"name":"User Logger","hostname":"DESKTOP-S3KGEEM","pid":12852,"level":30,"url":"/api/user/signup","requestBody":{"phoneNumber":"09379387278","password":"test1","confirmPassword":"test1"},"msg":"","time":"2020-02-10T15:15:59.079Z","v":0}
{"name":"User Logger","hostname":"DESKTOP-S3KGEEM","pid":21684,"level":30,"url":"/api/user/signup","requestBody":{"phoneNumber":"09379387278","password":"test1","confirmPassword":"test1"},"msg":"","time":"2020-02-10T15:17:11.485Z","v":0}
{"name":"User Logger","hostname":"DESKTOP-S3KGEEM","pid":22800,"level":30,"url":"/api/user/signup","requestBody":{"phoneNumber":"09379387278","password":"test1","confirmPassword":"test1"},"msg":"","time":"2020-02-10T15:18:03.446Z","v":0}
{"name":"User Logger","hostname":"DESKTOP-S3KGEEM","pid":22800,"level":30,"url":"/api/user/signup","requestBody":{"phoneNumber":"09379387278","password":"test1","confirmPassword":"test1"},"msg":"","time":"2020-02-10T15:18:13.481Z","v":0}
{"name":"User Logger","hostname":"DESKTOP-S3KGEEM","pid":13200,"level":30,"url":"/api/user/signup","requestBody":{"phoneNumber":"09379387278","password":"test1","confirmPassword":"test1"},"msg":"","time":"2020-02-10T15:19:07.348Z","v":0}
{"name":"User Logger","hostname":"DESKTOP-S3KGEEM","pid":13200,"level":30,"url":"/api/user/confirmsignup","requestBody":{"confirmationCode":"a7ICo"},"msg":"","time":"2020-02-10T15:19:44.370Z","v":0}
{"name":"User Logger","hostname":"DESKTOP-S3KGEEM","pid":13200,"level":30,"url":"/api/user/logout","requestBody":{},"msg":"","time":"2020-02-10T15:20:54.865Z","v":0}
{"name":"User Logger","hostname":"DESKTOP-S3KGEEM","pid":13200,"level":30,"url":"/api/user/login","requestBody":{"phoneNumber":"09379387278","password":"test1"},"msg":"","time":"2020-02-10T15:21:23.843Z","v":0}
{"name":"User Logger","hostname":"DESKTOP-S3KGEEM","pid":13200,"level":30,"url":"/api/user/login","requestBody":{"phoneNumber":"9379387278","password":"test1"},"msg":"","time":"2020-02-10T15:21:37.202Z","v":0}
